<?xml version='1.0' encoding='UTF-8'?>
<testsuite hostname="DESKTOP-7K8H1QS" name="Test" tests="1" errors="0" failures="0" skipped="0" time="0.032" timestamp="2020-11-09T13:28:50">
                     <properties>
[...]
</properties>
                     <testcase classname="Test" name="" time="0.032">
                                                 
                                               </testcase>
                     <system-out><![CDATA[]]></system-out>
                     <system-err><![CDATA[]]></system-err>
                   </testsuite>